<?xml version="1.0" encoding="UTF-8"?>
<testng-results skipped="0" failed="0" ignored="0" total="1" passed="1">
  <reporter-output>
  </reporter-output>
  <suite name="Default suite" duration-ms="26197" started-at="2020-10-20T13:07:57 EDT" finished-at="2020-10-20T13:08:23 EDT">
    <groups>
    </groups>
    <test name="Default test" duration-ms="26197" started-at="2020-10-20T13:07:57 EDT" finished-at="2020-10-20T13:08:23 EDT">
      <class name="com.herokuapp.theinternet.LinkCheckerTest">
        <test-method status="PASS" signature="checkLinks()[pri:0, instance:com.herokuapp.theinternet.LinkCheckerTest@27c86f2d]" name="checkLinks" duration-ms="26150" started-at="2020-10-20T13:07:57 EDT" finished-at="2020-10-20T13:08:23 EDT">
          <reporter-output>
          </reporter-output>
        </test-method> <!-- checkLinks -->
      </class> <!-- com.herokuapp.theinternet.LinkCheckerTest -->
    </test> <!-- Default test -->
  </suite> <!-- Default suite -->
</testng-results>
